2015-07-08 03:21:25,447 [Worker-21] INFO  o.e.m.c.i.l.LifecycleMappingFactory - Using org.eclipse.m2e.jdt.JarLifecycleMapping lifecycle mapping for MavenProject: org.example:turbocalendulator-services:1.0-SNAPSHOT @ C:\Interviewing\eclipse_workspace\turbocalendulator-services\pom.xml.
2015-07-08 03:21:25,909 [Worker-21] WARN  o.e.m.c.i.embedder.EclipseLogger - The POM for org.glassfish:javax.el:jar:3.0.1-b06-SNAPSHOT is missing, no dependency information available
2015-07-08 03:21:25,945 [Worker-21] WARN  o.e.m.c.i.embedder.EclipseLogger - The POM for org.glassfish:javax.el:jar:3.0.1-b07-SNAPSHOT is missing, no dependency information available
2015-07-08 03:21:25,969 [Worker-21] WARN  o.e.m.c.i.embedder.EclipseLogger - The POM for org.glassfish:javax.el:jar:3.0.1-b08-SNAPSHOT is missing, no dependency information available
2015-07-08 03:21:30,307 [Worker-21] INFO  o.e.m.c.i.embedder.EclipseLogger - Using 'UTF-8' encoding to copy filtered resources.
2015-07-08 03:21:30,314 [Worker-21] INFO  o.e.m.c.i.embedder.EclipseLogger - Copying 1 resource
2015-07-08 03:21:30,338 [Worker-21] INFO  o.e.m.c.i.embedder.EclipseLogger - Using 'UTF-8' encoding to copy filtered resources.
2015-07-08 03:21:30,345 [Worker-21] INFO  o.e.m.c.i.embedder.EclipseLogger - Copying 8 resources
2015-07-08 03:21:33,566 [Worker-26] INFO  o.e.m.c.i.l.LifecycleMappingFactory - Using org.eclipse.m2e.jdt.JarLifecycleMapping lifecycle mapping for MavenProject: org.example:turbocalendulator-services:1.0-SNAPSHOT @ C:\Interviewing\eclipse_workspace\turbocalendulator-services\pom.xml.
2015-07-08 03:21:33,569 [Worker-21] INFO  o.e.m.c.i.embedder.EclipseLogger - Copying jersey-common-2.12.jar to C:\Interviewing\eclipse_workspace\turbocalendulator-services\target\dependency\jersey-common-2.12.jar
2015-07-08 03:21:33,606 [Worker-21] INFO  o.e.m.c.i.embedder.EclipseLogger - Copying jersey-server-2.12.jar to C:\Interviewing\eclipse_workspace\turbocalendulator-services\target\dependency\jersey-server-2.12.jar
2015-07-08 03:21:33,648 [Worker-21] INFO  o.e.m.c.i.embedder.EclipseLogger - Copying hamcrest-library-1.3.jar to C:\Interviewing\eclipse_workspace\turbocalendulator-services\target\dependency\hamcrest-library-1.3.jar
2015-07-08 03:21:33,655 [Worker-21] INFO  o.e.m.c.i.embedder.EclipseLogger - Copying mockito-all-1.9.5.jar to C:\Interviewing\eclipse_workspace\turbocalendulator-services\target\dependency\mockito-all-1.9.5.jar
2015-07-08 03:21:33,688 [Worker-21] INFO  o.e.m.c.i.embedder.EclipseLogger - Copying gson-2.3.jar to C:\Interviewing\eclipse_workspace\turbocalendulator-services\target\dependency\gson-2.3.jar
2015-07-08 03:21:33,695 [Worker-21] INFO  o.e.m.c.i.embedder.EclipseLogger - Copying jersey-container-servlet-core-2.12.jar to C:\Interviewing\eclipse_workspace\turbocalendulator-services\target\dependency\jersey-container-servlet-core-2.12.jar
2015-07-08 03:21:33,702 [Worker-21] INFO  o.e.m.c.i.embedder.EclipseLogger - Copying org.eclipse.persistence.moxy-2.5.0.jar to C:\Interviewing\eclipse_workspace\turbocalendulator-services\target\dependency\org.eclipse.persistence.moxy-2.5.0.jar
2015-07-08 03:21:33,719 [Worker-21] INFO  o.e.m.c.i.embedder.EclipseLogger - Copying powermock-core-1.5.6.jar to C:\Interviewing\eclipse_workspace\turbocalendulator-services\target\dependency\powermock-core-1.5.6.jar
2015-07-08 03:21:33,725 [Worker-21] INFO  o.e.m.c.i.embedder.EclipseLogger - Copying jetty-webapp-9.2.3.v20140905.jar to C:\Interviewing\eclipse_workspace\turbocalendulator-services\target\dependency\jetty-webapp-9.2.3.v20140905.jar
2015-07-08 03:21:33,732 [Worker-21] INFO  o.e.m.c.i.embedder.EclipseLogger - Copying jersey-container-servlet-2.12.jar to C:\Interviewing\eclipse_workspace\turbocalendulator-services\target\dependency\jersey-container-servlet-2.12.jar
2015-07-08 03:21:33,741 [Worker-26] WARN  o.e.m.c.i.embedder.EclipseLogger - The POM for org.glassfish:javax.el:jar:3.0.1-b06-SNAPSHOT is missing, no dependency information available
2015-07-08 03:21:33,765 [Worker-26] WARN  o.e.m.c.i.embedder.EclipseLogger - The POM for org.glassfish:javax.el:jar:3.0.1-b07-SNAPSHOT is missing, no dependency information available
2015-07-08 03:21:33,795 [Worker-21] INFO  o.e.m.c.i.embedder.EclipseLogger - Copying jetty-server-9.2.3.v20140905.jar to C:\Interviewing\eclipse_workspace\turbocalendulator-services\target\dependency\jetty-server-9.2.3.v20140905.jar
2015-07-08 03:21:33,803 [Worker-26] WARN  o.e.m.c.i.embedder.EclipseLogger - The POM for org.glassfish:javax.el:jar:3.0.1-b08-SNAPSHOT is missing, no dependency information available
2015-07-08 03:21:33,814 [Worker-21] INFO  o.e.m.c.i.embedder.EclipseLogger - Copying jersey-media-moxy-2.12.jar to C:\Interviewing\eclipse_workspace\turbocalendulator-services\target\dependency\jersey-media-moxy-2.12.jar
2015-07-08 03:21:33,931 [Worker-21] INFO  o.e.m.c.i.embedder.EclipseLogger - Copying hamcrest-core-1.3.jar to C:\Interviewing\eclipse_workspace\turbocalendulator-services\target\dependency\hamcrest-core-1.3.jar
2015-07-08 03:21:34,166 [Worker-21] INFO  o.e.m.c.i.embedder.EclipseLogger - Copying jetty-xml-9.2.3.v20140905.jar to C:\Interviewing\eclipse_workspace\turbocalendulator-services\target\dependency\jetty-xml-9.2.3.v20140905.jar
2015-07-08 03:21:34,298 [Worker-21] INFO  o.e.m.c.i.embedder.EclipseLogger - Copying powermock-api-support-1.5.6.jar to C:\Interviewing\eclipse_workspace\turbocalendulator-services\target\dependency\powermock-api-support-1.5.6.jar
2015-07-08 03:21:34,377 [Worker-21] INFO  o.e.m.c.i.embedder.EclipseLogger - Copying javax.el-3.0.0.jar to C:\Interviewing\eclipse_workspace\turbocalendulator-services\target\dependency\javax.el-3.0.0.jar
2015-07-08 03:21:34,384 [Worker-21] INFO  o.e.m.c.i.embedder.EclipseLogger - Copying javax.ws.rs-api-2.0.1.jar to C:\Interviewing\eclipse_workspace\turbocalendulator-services\target\dependency\javax.ws.rs-api-2.0.1.jar
2015-07-08 03:21:34,389 [Worker-21] INFO  o.e.m.c.i.embedder.EclipseLogger - Copying org.eclipse.jdt.core-3.8.2.v20130121.jar to C:\Interviewing\eclipse_workspace\turbocalendulator-services\target\dependency\org.eclipse.jdt.core-3.8.2.v20130121.jar
2015-07-08 03:21:34,404 [Worker-21] INFO  o.e.m.c.i.embedder.EclipseLogger - Copying javax.inject-2.3.0-b10.jar to C:\Interviewing\eclipse_workspace\turbocalendulator-services\target\dependency\javax.inject-2.3.0-b10.jar
2015-07-08 03:21:34,407 [Worker-21] INFO  o.e.m.c.i.embedder.EclipseLogger - Copying aopalliance-repackaged-2.3.0-b10.jar to C:\Interviewing\eclipse_workspace\turbocalendulator-services\target\dependency\aopalliance-repackaged-2.3.0-b10.jar
2015-07-08 03:21:34,499 [Worker-21] INFO  o.e.m.c.i.embedder.EclipseLogger - Copying threetenbp-1.0.jar to C:\Interviewing\eclipse_workspace\turbocalendulator-services\target\dependency\threetenbp-1.0.jar
2015-07-08 03:21:34,507 [Worker-21] INFO  o.e.m.c.i.embedder.EclipseLogger - Copying powermock-module-junit4-1.5.6.jar to C:\Interviewing\eclipse_workspace\turbocalendulator-services\target\dependency\powermock-module-junit4-1.5.6.jar
2015-07-08 03:21:34,575 [Worker-21] INFO  o.e.m.c.i.embedder.EclipseLogger - Copying jetty-http-9.2.3.v20140905.jar to C:\Interviewing\eclipse_workspace\turbocalendulator-services\target\dependency\jetty-http-9.2.3.v20140905.jar
2015-07-08 03:21:34,580 [Worker-21] INFO  o.e.m.c.i.embedder.EclipseLogger - Copying validation-api-1.1.0.Final.jar to C:\Interviewing\eclipse_workspace\turbocalendulator-services\target\dependency\validation-api-1.1.0.Final.jar
2015-07-08 03:21:34,586 [Worker-21] INFO  o.e.m.c.i.embedder.EclipseLogger - Copying commons-lang3-3.3.2.jar to C:\Interviewing\eclipse_workspace\turbocalendulator-services\target\dependency\commons-lang3-3.3.2.jar
2015-07-08 03:21:34,593 [Worker-21] INFO  o.e.m.c.i.embedder.EclipseLogger - Copying hk2-api-2.3.0-b10.jar to C:\Interviewing\eclipse_workspace\turbocalendulator-services\target\dependency\hk2-api-2.3.0-b10.jar
2015-07-08 03:21:34,599 [Worker-21] INFO  o.e.m.c.i.embedder.EclipseLogger - Copying hk2-locator-2.3.0-b10.jar to C:\Interviewing\eclipse_workspace\turbocalendulator-services\target\dependency\hk2-locator-2.3.0-b10.jar
2015-07-08 03:21:34,606 [Worker-21] INFO  o.e.m.c.i.embedder.EclipseLogger - Copying hk2-utils-2.3.0-b10.jar to C:\Interviewing\eclipse_workspace\turbocalendulator-services\target\dependency\hk2-utils-2.3.0-b10.jar
2015-07-08 03:21:34,613 [Worker-21] INFO  o.e.m.c.i.embedder.EclipseLogger - Copying jersey-guava-2.12.jar to C:\Interviewing\eclipse_workspace\turbocalendulator-services\target\dependency\jersey-guava-2.12.jar
2015-07-08 03:21:34,622 [Worker-21] INFO  o.e.m.c.i.embedder.EclipseLogger - Copying javax.servlet.jsp.jstl-1.2.2.jar to C:\Interviewing\eclipse_workspace\turbocalendulator-services\target\dependency\javax.servlet.jsp.jstl-1.2.2.jar
2015-07-08 03:21:34,630 [Worker-21] INFO  o.e.m.c.i.embedder.EclipseLogger - Copying jetty-util-9.2.3.v20140905.jar to C:\Interviewing\eclipse_workspace\turbocalendulator-services\target\dependency\jetty-util-9.2.3.v20140905.jar
2015-07-08 03:21:34,637 [Worker-21] INFO  o.e.m.c.i.embedder.EclipseLogger - Copying junit-4.11.jar to C:\Interviewing\eclipse_workspace\turbocalendulator-services\target\dependency\junit-4.11.jar
2015-07-08 03:21:34,644 [Worker-21] INFO  o.e.m.c.i.embedder.EclipseLogger - Copying powermock-module-junit4-common-1.5.6.jar to C:\Interviewing\eclipse_workspace\turbocalendulator-services\target\dependency\powermock-module-junit4-common-1.5.6.jar
2015-07-08 03:21:34,686 [Worker-21] INFO  o.e.m.c.i.embedder.EclipseLogger - Copying org.eclipse.persistence.core-2.5.0.jar to C:\Interviewing\eclipse_workspace\turbocalendulator-services\target\dependency\org.eclipse.persistence.core-2.5.0.jar
2015-07-08 03:21:34,716 [Worker-21] INFO  o.e.m.c.i.embedder.EclipseLogger - Copying jersey-client-2.12.jar to C:\Interviewing\eclipse_workspace\turbocalendulator-services\target\dependency\jersey-client-2.12.jar
2015-07-08 03:21:34,722 [Worker-21] INFO  o.e.m.c.i.embedder.EclipseLogger - Copying hamcrest-integration-1.3.jar to C:\Interviewing\eclipse_workspace\turbocalendulator-services\target\dependency\hamcrest-integration-1.3.jar
2015-07-08 03:21:34,729 [Worker-21] INFO  o.e.m.c.i.embedder.EclipseLogger - Copying jetty-io-9.2.3.v20140905.jar to C:\Interviewing\eclipse_workspace\turbocalendulator-services\target\dependency\jetty-io-9.2.3.v20140905.jar
2015-07-08 03:21:34,735 [Worker-21] INFO  o.e.m.c.i.embedder.EclipseLogger - Copying javax.servlet.jsp-api-2.3.1.jar to C:\Interviewing\eclipse_workspace\turbocalendulator-services\target\dependency\javax.servlet.jsp-api-2.3.1.jar
2015-07-08 03:21:34,741 [Worker-21] INFO  o.e.m.c.i.embedder.EclipseLogger - Copying jersey-entity-filtering-2.12.jar to C:\Interviewing\eclipse_workspace\turbocalendulator-services\target\dependency\jersey-entity-filtering-2.12.jar
2015-07-08 03:21:34,748 [Worker-21] INFO  o.e.m.c.i.embedder.EclipseLogger - Copying javassist-3.18.1-GA.jar to C:\Interviewing\eclipse_workspace\turbocalendulator-services\target\dependency\javassist-3.18.1-GA.jar
2015-07-08 03:21:34,757 [Worker-21] INFO  o.e.m.c.i.embedder.EclipseLogger - Copying javax.annotation-api-1.2.jar to C:\Interviewing\eclipse_workspace\turbocalendulator-services\target\dependency\javax.annotation-api-1.2.jar
2015-07-08 03:21:34,825 [Worker-21] INFO  o.e.m.c.i.embedder.EclipseLogger - Copying objenesis-2.1.jar to C:\Interviewing\eclipse_workspace\turbocalendulator-services\target\dependency\objenesis-2.1.jar
2015-07-08 03:21:34,957 [Worker-21] INFO  o.e.m.c.i.embedder.EclipseLogger - Copying org.eclipse.persistence.antlr-2.5.0.jar to C:\Interviewing\eclipse_workspace\turbocalendulator-services\target\dependency\org.eclipse.persistence.antlr-2.5.0.jar
2015-07-08 03:21:34,964 [Worker-21] INFO  o.e.m.c.i.embedder.EclipseLogger - Copying javax.servlet.jsp-2.3.2.jar to C:\Interviewing\eclipse_workspace\turbocalendulator-services\target\dependency\javax.servlet.jsp-2.3.2.jar
2015-07-08 03:21:34,971 [Worker-21] INFO  o.e.m.c.i.embedder.EclipseLogger - Copying jetty-servlet-9.2.3.v20140905.jar to C:\Interviewing\eclipse_workspace\turbocalendulator-services\target\dependency\jetty-servlet-9.2.3.v20140905.jar
2015-07-08 03:21:34,977 [Worker-21] INFO  o.e.m.c.i.embedder.EclipseLogger - Copying javax.servlet-api-3.1.0.jar to C:\Interviewing\eclipse_workspace\turbocalendulator-services\target\dependency\javax.servlet-api-3.1.0.jar
2015-07-08 03:21:34,982 [Worker-21] INFO  o.e.m.c.i.embedder.EclipseLogger - Copying javax.servlet.jsp.jstl-1.2.0.v201105211821.jar to C:\Interviewing\eclipse_workspace\turbocalendulator-services\target\dependency\javax.servlet.jsp.jstl-1.2.0.v201105211821.jar
2015-07-08 03:21:34,988 [Worker-21] INFO  o.e.m.c.i.embedder.EclipseLogger - Copying osgi-resource-locator-1.0.1.jar to C:\Interviewing\eclipse_workspace\turbocalendulator-services\target\dependency\osgi-resource-locator-1.0.1.jar
2015-07-08 03:21:35,041 [Worker-21] INFO  o.e.m.c.i.embedder.EclipseLogger - Copying powermock-api-mockito-1.5.6.jar to C:\Interviewing\eclipse_workspace\turbocalendulator-services\target\dependency\powermock-api-mockito-1.5.6.jar
2015-07-08 03:21:35,048 [Worker-21] INFO  o.e.m.c.i.embedder.EclipseLogger - Copying jetty-jsp-9.2.3.v20140905.jar to C:\Interviewing\eclipse_workspace\turbocalendulator-services\target\dependency\jetty-jsp-9.2.3.v20140905.jar
2015-07-08 03:21:35,050 [Worker-21] INFO  o.e.m.c.i.embedder.EclipseLogger - Copying org.eclipse.persistence.asm-2.5.0.jar to C:\Interviewing\eclipse_workspace\turbocalendulator-services\target\dependency\org.eclipse.persistence.asm-2.5.0.jar
2015-07-08 03:21:35,056 [Worker-21] INFO  o.e.m.c.i.embedder.EclipseLogger - Copying jetty-security-9.2.3.v20140905.jar to C:\Interviewing\eclipse_workspace\turbocalendulator-services\target\dependency\jetty-security-9.2.3.v20140905.jar
2015-07-08 03:21:35,064 [Worker-21] INFO  o.e.m.c.i.embedder.EclipseLogger - Copying jetty-schemas-3.1.M0.jar to C:\Interviewing\eclipse_workspace\turbocalendulator-services\target\dependency\jetty-schemas-3.1.M0.jar
2015-07-08 03:21:35,069 [Worker-21] INFO  o.e.m.c.i.embedder.EclipseLogger - Copying powermock-reflect-1.5.6.jar to C:\Interviewing\eclipse_workspace\turbocalendulator-services\target\dependency\powermock-reflect-1.5.6.jar
2015-07-08 03:21:37,418 [Worker-16] WARN  o.e.m.c.i.embedder.EclipseLogger - The POM for org.glassfish:javax.el:jar:3.0.1-b06-SNAPSHOT is missing, no dependency information available
2015-07-08 03:21:37,445 [Worker-16] WARN  o.e.m.c.i.embedder.EclipseLogger - The POM for org.glassfish:javax.el:jar:3.0.1-b07-SNAPSHOT is missing, no dependency information available
2015-07-08 03:21:37,461 [Worker-16] WARN  o.e.m.c.i.embedder.EclipseLogger - The POM for org.glassfish:javax.el:jar:3.0.1-b08-SNAPSHOT is missing, no dependency information available
2015-07-08 03:21:37,868 [Worker-16] INFO  o.e.m.c.i.embedder.EclipseLogger - Using 'UTF-8' encoding to copy filtered resources.
2015-07-08 03:21:37,874 [Worker-16] INFO  o.e.m.c.i.embedder.EclipseLogger - Copying 1 resource
2015-07-08 03:21:37,879 [Worker-16] INFO  o.e.m.c.i.embedder.EclipseLogger - Using 'UTF-8' encoding to copy filtered resources.
2015-07-08 03:21:37,881 [Worker-16] INFO  o.e.m.c.i.embedder.EclipseLogger - Copying 8 resources
2018-04-26 09:41:14,129 [Worker-17] INFO  o.e.m.c.i.l.LifecycleMappingFactory - Using org.eclipse.m2e.jdt.JarLifecycleMapping lifecycle mapping for MavenProject: org.example:turbocalendulator-services:1.0-SNAPSHOT @ C:\Interview\eclipse_workspace\turbocalendulator-services\pom.xml.
2018-04-26 09:41:14,411 [Worker-17] WARN  o.e.m.c.i.embedder.EclipseLogger - The POM for org.glassfish:javax.el:jar:3.0.1-b06-SNAPSHOT is missing, no dependency information available
2018-04-26 09:41:14,480 [Worker-17] WARN  o.e.m.c.i.embedder.EclipseLogger - The POM for org.glassfish:javax.el:jar:3.0.1-b07-SNAPSHOT is missing, no dependency information available
2018-04-26 09:41:14,495 [Worker-17] WARN  o.e.m.c.i.embedder.EclipseLogger - The POM for org.glassfish:javax.el:jar:3.0.1-b08-SNAPSHOT is missing, no dependency information available
2018-04-26 09:41:15,719 [Worker-17] INFO  o.e.m.c.i.embedder.EclipseLogger - Using 'UTF-8' encoding to copy filtered resources.
2018-04-26 09:41:15,746 [Worker-17] INFO  o.e.m.c.i.embedder.EclipseLogger - Copying 1 resource
2018-04-26 09:41:15,765 [Worker-17] INFO  o.e.m.c.i.embedder.EclipseLogger - Using 'UTF-8' encoding to copy filtered resources.
2018-04-26 09:41:15,772 [Worker-17] INFO  o.e.m.c.i.embedder.EclipseLogger - Copying 8 resources
2018-04-26 09:41:17,208 [Worker-10] INFO  o.e.m.c.i.l.LifecycleMappingFactory - Using org.eclipse.m2e.jdt.JarLifecycleMapping lifecycle mapping for MavenProject: org.example:turbocalendulator-services:1.0-SNAPSHOT @ C:\Interview\eclipse_workspace\turbocalendulator-services\pom.xml.
2018-04-26 09:41:17,418 [Worker-10] WARN  o.e.m.c.i.embedder.EclipseLogger - The POM for org.glassfish:javax.el:jar:3.0.1-b06-SNAPSHOT is missing, no dependency information available
2018-04-26 09:41:17,433 [Worker-10] WARN  o.e.m.c.i.embedder.EclipseLogger - The POM for org.glassfish:javax.el:jar:3.0.1-b07-SNAPSHOT is missing, no dependency information available
2018-04-26 09:41:17,448 [Worker-10] WARN  o.e.m.c.i.embedder.EclipseLogger - The POM for org.glassfish:javax.el:jar:3.0.1-b08-SNAPSHOT is missing, no dependency information available
2018-04-26 09:41:21,691 [Worker-4] WARN  o.e.m.c.i.embedder.EclipseLogger - The POM for org.glassfish:javax.el:jar:3.0.1-b06-SNAPSHOT is missing, no dependency information available
2018-04-26 09:41:21,706 [Worker-4] WARN  o.e.m.c.i.embedder.EclipseLogger - The POM for org.glassfish:javax.el:jar:3.0.1-b07-SNAPSHOT is missing, no dependency information available
2018-04-26 09:41:21,720 [Worker-4] WARN  o.e.m.c.i.embedder.EclipseLogger - The POM for org.glassfish:javax.el:jar:3.0.1-b08-SNAPSHOT is missing, no dependency information available
2018-04-26 09:41:22,502 [Worker-4] INFO  o.e.m.c.i.embedder.EclipseLogger - Using 'UTF-8' encoding to copy filtered resources.
2018-04-26 09:41:22,506 [Worker-4] INFO  o.e.m.c.i.embedder.EclipseLogger - Copying 1 resource
2018-04-26 09:41:22,524 [Worker-4] INFO  o.e.m.c.i.embedder.EclipseLogger - Using 'UTF-8' encoding to copy filtered resources.
2018-04-26 09:41:22,526 [Worker-4] INFO  o.e.m.c.i.embedder.EclipseLogger - Copying 8 resources
2018-04-26 09:42:03,070 [Worker-17] INFO  o.e.m.c.i.embedder.EclipseLogger - Using 'UTF-8' encoding to copy filtered resources.
2018-04-26 09:42:03,071 [Worker-17] INFO  o.e.m.c.i.embedder.EclipseLogger - Copying 0 resource
2018-04-26 09:42:03,072 [Worker-17] INFO  o.e.m.c.i.embedder.EclipseLogger - Using 'UTF-8' encoding to copy filtered resources.
2018-04-26 09:42:03,073 [Worker-17] INFO  o.e.m.c.i.embedder.EclipseLogger - Copying 0 resource
2018-04-26 11:20:15,414 [Worker-7] WARN  o.e.m.c.i.embedder.EclipseLogger - The POM for org.glassfish:javax.el:jar:3.0.1-b06-SNAPSHOT is missing, no dependency information available
2018-04-26 11:20:15,462 [Worker-7] WARN  o.e.m.c.i.embedder.EclipseLogger - The POM for org.glassfish:javax.el:jar:3.0.1-b07-SNAPSHOT is missing, no dependency information available
2018-04-26 11:20:15,482 [Worker-7] WARN  o.e.m.c.i.embedder.EclipseLogger - The POM for org.glassfish:javax.el:jar:3.0.1-b08-SNAPSHOT is missing, no dependency information available
2018-04-26 11:20:16,901 [Worker-7] INFO  o.e.m.c.i.embedder.EclipseLogger - Using 'UTF-8' encoding to copy filtered resources.
2018-04-26 11:20:16,928 [Worker-7] INFO  o.e.m.c.i.embedder.EclipseLogger - Copying 1 resource
2018-04-26 11:20:16,938 [Worker-7] INFO  o.e.m.c.i.embedder.EclipseLogger - Using 'UTF-8' encoding to copy filtered resources.
2018-04-26 11:20:16,940 [Worker-7] INFO  o.e.m.c.i.embedder.EclipseLogger - Copying 8 resources
2018-04-26 11:21:01,899 [Worker-12] INFO  o.e.m.c.i.embedder.EclipseLogger - Using 'UTF-8' encoding to copy filtered resources.
2018-04-26 11:21:01,905 [Worker-12] INFO  o.e.m.c.i.embedder.EclipseLogger - Copying 1 resource
2018-04-26 11:21:01,909 [Worker-12] INFO  o.e.m.c.i.embedder.EclipseLogger - Using 'UTF-8' encoding to copy filtered resources.
2018-04-26 11:21:01,910 [Worker-12] INFO  o.e.m.c.i.embedder.EclipseLogger - Copying 8 resources
2018-04-26 11:40:35,417 [Worker-14] INFO  o.e.m.c.i.embedder.EclipseLogger - Using 'UTF-8' encoding to copy filtered resources.
2018-04-26 11:40:35,426 [Worker-14] INFO  o.e.m.c.i.embedder.EclipseLogger - Copying 1 resource
2018-04-26 11:40:35,429 [Worker-14] INFO  o.e.m.c.i.embedder.EclipseLogger - Using 'UTF-8' encoding to copy filtered resources.
2018-04-26 11:40:35,430 [Worker-14] INFO  o.e.m.c.i.embedder.EclipseLogger - Copying 8 resources
2018-04-26 11:41:14,330 [Worker-22] INFO  o.e.m.c.i.embedder.EclipseLogger - Using 'UTF-8' encoding to copy filtered resources.
2018-04-26 11:41:14,331 [Worker-22] INFO  o.e.m.c.i.embedder.EclipseLogger - Copying 1 resource
2018-04-26 11:41:14,333 [Worker-22] INFO  o.e.m.c.i.embedder.EclipseLogger - Using 'UTF-8' encoding to copy filtered resources.
2018-04-26 11:41:14,335 [Worker-22] INFO  o.e.m.c.i.embedder.EclipseLogger - Copying 8 resources
2018-04-26 11:58:39,407 [Worker-20] INFO  o.e.m.c.i.embedder.EclipseLogger - Using 'UTF-8' encoding to copy filtered resources.
2018-04-26 11:58:39,409 [Worker-20] INFO  o.e.m.c.i.embedder.EclipseLogger - Copying 1 resource
2018-04-26 11:58:39,411 [Worker-20] INFO  o.e.m.c.i.embedder.EclipseLogger - Using 'UTF-8' encoding to copy filtered resources.
2018-04-26 11:58:39,411 [Worker-20] INFO  o.e.m.c.i.embedder.EclipseLogger - Copying 0 resource
2018-04-26 12:05:32,973 [Worker-30] INFO  o.e.m.c.i.embedder.EclipseLogger - Using 'UTF-8' encoding to copy filtered resources.
2018-04-26 12:05:32,974 [Worker-30] INFO  o.e.m.c.i.embedder.EclipseLogger - Copying 1 resource
2018-04-26 12:05:32,975 [Worker-30] INFO  o.e.m.c.i.embedder.EclipseLogger - Using 'UTF-8' encoding to copy filtered resources.
2018-04-26 12:05:32,976 [Worker-30] INFO  o.e.m.c.i.embedder.EclipseLogger - Copying 0 resource
